<?xml version="1.0" encoding="UTF-8"?>
<!-- Generated by org.testng.reporters.JUnitReportReporter -->
<testsuite skipped="0" hostname="WorkStation" name="botFarm.com.Github.ExecuteLoginPage" tests="1" failures="0" timestamp="15 Aug 2017 00:51:27 GMT" time="2.540" errors="0">
  <testcase name="executeLogin" time="2.540" classname="botFarm.com.Github.ExecuteLoginPage"/>
</testsuite> <!-- botFarm.com.Github.ExecuteLoginPage -->
